::1 - - [04/Feb/2018:11:47:34 +0800] "GET /wordpress/ HTTP/1.1" 200 213
::1 - - [04/Feb/2018:11:48:07 +0800] "GET /favicon.ico HTTP/1.1" 404 209
::1 - - [04/Feb/2018:11:49:08 +0800] "GET /wordpress/wp-content/themes/hestia/style.css?ver=1.0.5 HTTP/1.1" 304 -
::1 - - [04/Feb/2018:11:49:08 +0800] "GET /wordpress/wp-content/themes/hestia/assets/bootstrap/css/bootstrap.min.css?ver=1.0.1 HTTP/1.1" 304 -
::1 - - [04/Feb/2018:11:49:08 +0800] "GET /wordpress/wp-content/themes/hestia/assets/css/font-sizes.css?ver=1.1.62 HTTP/1.1" 304 -
::1 - - [04/Feb/2018:11:49:09 +0800] "GET /wordpress/wp-content/themes/hestia/assets/font-awesome/css/font-awesome.min.css?ver=1.0.1 HTTP/1.1" 304 -
::1 - - [04/Feb/2018:11:49:08 +0800] "GET /wordpress/wp-content/themes/orfeo/style.css?ver=1.1.62 HTTP/1.1" 304 -
::1 - - [04/Feb/2018:11:48:59 +0800] "GET /wordpress/ HTTP/1.1" 200 22041
::1 - - [04/Feb/2018:11:49:10 +0800] "GET /wordpress/wp-includes/js/wp-emoji-release.min.js?ver=4.9.2 HTTP/1.1" 304 -
::1 - - [04/Feb/2018:11:49:10 +0800] "GET /wordpress/wp-content/themes/hestia/assets/bootstrap/js/bootstrap.min.js?ver=1.0.1 HTTP/1.1" 304 -
::1 - - [04/Feb/2018:11:49:11 +0800] "GET /wordpress/wp-content/themes/hestia/assets/js/material.js?ver=1.0.1 HTTP/1.1" 304 -
::1 - - [04/Feb/2018:11:49:11 +0800] "GET /wordpress/wp-includes/js/jquery/ui/core.min.js?ver=1.11.4 HTTP/1.1" 304 -
::1 - - [04/Feb/2018:11:49:11 +0800] "GET /wordpress/wp-content/themes/hestia/assets/js/scripts.js?ver=1.1.62 HTTP/1.1" 304 -
::1 - - [04/Feb/2018:11:49:11 +0800] "GET /wordpress/wp-includes/js/wp-embed.min.js?ver=4.9.2 HTTP/1.1" 304 -
::1 - - [04/Feb/2018:11:49:11 +0800] "GET /wordpress/wp-content/uploads/2018/02/espresso-2-768x461.jpg HTTP/1.1" 304 -
::1 - - [04/Feb/2018:11:49:11 +0800] "GET /wordpress/wp-content/uploads/2018/02/potchi-768x576.jpg HTTP/1.1" 304 -
::1 - - [04/Feb/2018:11:49:12 +0800] "GET /wordpress/wp-content/uploads/2018/02/coffee-2.jpg HTTP/1.1" 304 -
::1 - - [04/Feb/2018:11:49:12 +0800] "GET /wordpress/wp-content/themes/hestia/assets/font-awesome/fonts/fontawesome-webfont.woff2?v=4.7.0 HTTP/1.1" 304 -
::1 - - [04/Feb/2018:11:49:28 +0800] "GET /wordpress/home/ HTTP/1.1" 200 18557
::1 - - [04/Feb/2018:11:49:29 +0800] "GET /wordpress/wp-includes/js/comment-reply.min.js?ver=4.9.2 HTTP/1.1" 304 -
::1 - - [04/Feb/2018:11:49:05 +0800] "POST /wordpress/wp-cron.php?doing_wp_cron=1517716144.8715620040893554687500 HTTP/1.1" 200 193
::1 - - [04/Feb/2018:11:49:49 +0800] "GET /wordpress/blog/ HTTP/1.1" 200 18496
::1 - - [04/Feb/2018:11:50:19 +0800] "GET /wordpress/2018/02/ HTTP/1.1" 200 21972
::1 - - [04/Feb/2018:11:50:28 +0800] "GET /wordpress/author/craigberganio/ HTTP/1.1" 200 22199
::1 - - [04/Feb/2018:11:50:20 +0800] "POST /wordpress/wp-cron.php?doing_wp_cron=1517716220.7051010131835937500000 HTTP/1.1" 200 -
::1 - - [04/Feb/2018:11:50:39 +0800] "GET /wordpress/wp-content/themes/hestia/assets/img/placeholder.jpg HTTP/1.1" 200 1016
::1 - - [04/Feb/2018:11:50:37 +0800] "GET /wordpress/2018/02/03/getting-stared/ HTTP/1.1" 200 25518
::1 - - [04/Feb/2018:11:50:39 +0800] "GET /wordpress/wp-content/uploads/2018/02/potchi.jpg HTTP/1.1" 304 -
::1 - - [04/Feb/2018:11:50:49 +0800] "GET /wordpress/home/ HTTP/1.1" 200 18557
::1 - - [04/Feb/2018:11:51:36 +0800] "GET /wordpress/ HTTP/1.1" 200 22041
::1 - - [04/Feb/2018:11:51:37 +0800] "GET /wordpress/login HTTP/1.1" 302 -
::1 - - [04/Feb/2018:11:51:38 +0800] "GET /wordpress/wp-login.php HTTP/1.1" 200 2849
::1 - - [04/Feb/2018:11:51:42 +0800] "POST /wordpress/wp-login.php HTTP/1.1" 302 -
::1 - - [04/Feb/2018:11:51:47 +0800] "GET /wordpress/wp-content/themes/hestia/ti-notifications/ti-about-page/css/ti_about_page_css.css?ver=1.1.62 HTTP/1.1" 304 -
::1 - - [04/Feb/2018:11:51:47 +0800] "GET /wordpress/wp-includes/js/thickbox/thickbox.css?ver=4.9.2 HTTP/1.1" 304 -
::1 - - [04/Feb/2018:11:51:43 +0800] "GET /wordpress/wp-admin/ HTTP/1.1" 200 35659
::1 - - [04/Feb/2018:11:52:22 +0800] "GET /wordpress/wp-admin/theme-install.php?theme=orfeo HTTP/1.1" 200 62078
::1 - - [04/Feb/2018:11:52:23 +0800] "GET /wordpress/wp-admin/images/spinner.gif HTTP/1.1" 304 -
::1 - - [04/Feb/2018:11:52:23 +0800] "GET /wordpress/wp-admin/load-scripts.php?c=1&load%5B%5D=hoverIntent,common,admin-bar,underscore,backbone,wp-util,wp-backbone,wp-a11y,customize-base,theme,updates,svg-painter,heartbeat,&load%5B%5D=wp-auth-check,thickbox&ver=4.9.2 HTTP/1.1" 200 51160
::1 - - [04/Feb/2018:11:52:25 +0800] "GET /wordpress/wp-includes/js/thickbox/loadingAnimation.gif HTTP/1.1" 304 -
::1 - - [04/Feb/2018:11:52:26 +0800] "GET /wordpress/wp-admin/edit.php HTTP/1.1" 200 51689
::1 - - [04/Feb/2018:11:52:29 +0800] "POST /wordpress/wp-admin/admin-ajax.php HTTP/1.1" 200 47
::1 - - [04/Feb/2018:11:52:25 +0800] "POST /wordpress/wp-admin/admin-ajax.php HTTP/1.1" 200 17
::1 - - [04/Feb/2018:11:52:18 +0800] "GET /wordpress/wp-admin/?welcome=0 HTTP/1.1" 200 49621
::1 - - [04/Feb/2018:11:52:42 +0800] "GET /wordpress/wp-admin/post.php?post=84&action=trash&_wpnonce=c6685be713 HTTP/1.1" 302 -
::1 - - [04/Feb/2018:11:52:43 +0800] "GET /wordpress/wp-admin/edit.php?trashed=1&ids=84 HTTP/1.1" 200 16607
::1 - - [04/Feb/2018:11:52:44 +0800] "GET /wordpress/wp-admin/post.php?post=90&action=trash&_wpnonce=72e0a6fe27 HTTP/1.1" 302 -
::1 - - [04/Feb/2018:11:52:44 +0800] "POST /wordpress/wp-admin/admin-ajax.php HTTP/1.1" 200 47
::1 - - [04/Feb/2018:11:52:45 +0800] "GET /wordpress/wp-admin/edit.php?trashed=1&ids=90 HTTP/1.1" 200 35902
::1 - - [04/Feb/2018:11:52:47 +0800] "POST /wordpress/wp-admin/admin-ajax.php HTTP/1.1" 200 47
::1 - - [04/Feb/2018:11:54:47 +0800] "POST /wordpress/wp-admin/admin-ajax.php HTTP/1.1" 200 47
::1 - - [04/Feb/2018:11:56:48 +0800] "POST /wordpress/wp-admin/admin-ajax.php HTTP/1.1" 200 47
::1 - - [04/Feb/2018:11:58:49 +0800] "POST /wordpress/wp-admin/admin-ajax.php HTTP/1.1" 200 47
::1 - - [04/Feb/2018:12:00:50 +0800] "POST /wordpress/wp-admin/admin-ajax.php HTTP/1.1" 200 47
::1 - - [04/Feb/2018:12:02:51 +0800] "POST /wordpress/wp-admin/admin-ajax.php HTTP/1.1" 200 47
::1 - - [04/Feb/2018:12:04:40 +0800] "POST /wordpress/wp-admin/admin-ajax.php HTTP/1.1" 200 47
::1 - - [04/Feb/2018:12:04:55 +0800] "POST /wordpress/wp-admin/admin-ajax.php HTTP/1.1" 200 47
::1 - - [04/Feb/2018:12:06:56 +0800] "POST /wordpress/wp-admin/admin-ajax.php HTTP/1.1" 200 47
::1 - - [04/Feb/2018:12:08:57 +0800] "POST /wordpress/wp-admin/admin-ajax.php HTTP/1.1" 200 47
::1 - - [04/Feb/2018:12:10:57 +0800] "POST /wordpress/wp-admin/admin-ajax.php HTTP/1.1" 200 47
::1 - - [04/Feb/2018:12:12:58 +0800] "POST /wordpress/wp-admin/admin-ajax.php HTTP/1.1" 200 47
