2018-02-03 20:34:29 9052 [Note] Plugin 'FEDERATED' is disabled.
2018-02-03 20:34:29 9052 [Note] InnoDB: The InnoDB memory heap is disabled
2018-02-03 20:34:29 9052 [Note] InnoDB: Mutexes and rw_locks use Windows interlocked functions
2018-02-03 20:34:29 9052 [Note] InnoDB: Compressed tables use zlib 1.2.3
2018-02-03 20:34:29 9052 [Note] InnoDB: Not using CPU crc32 instructions
2018-02-03 20:34:29 9052 [Note] InnoDB: Initializing buffer pool, size = 128.0M
2018-02-03 20:34:29 9052 [Note] InnoDB: Completed initialization of buffer pool
2018-02-03 20:34:29 9052 [Note] InnoDB: Highest supported file format is Barracuda.
2018-02-03 20:34:29 9052 [Note] InnoDB: The log sequence numbers 1626134 and 1626134 in ibdata files do not match the log sequence number 6355764 in the ib_logfiles!
2018-02-03 20:34:29 9052 [Note] InnoDB: Database was not shutdown normally!
2018-02-03 20:34:29 9052 [Note] InnoDB: Starting crash recovery.
2018-02-03 20:34:29 9052 [Note] InnoDB: Reading tablespace information from the .ibd files...
2018-02-03 20:34:30 9052 [Note] InnoDB: Restoring possible half-written data pages 
2018-02-03 20:34:30 9052 [Note] InnoDB: from the doublewrite buffer...
2018-02-03 20:34:34 9052 [Note] InnoDB: 128 rollback segment(s) are active.
2018-02-03 20:34:34 9052 [Note] InnoDB: Waiting for purge to start
2018-02-03 20:34:34 9052 [Note] InnoDB: 5.6.13 started; log sequence number 6355764
2018-02-03 20:34:34 9052 [Note] Server hostname (bind-address): '*'; port: 3306
2018-02-03 20:34:34 9052 [Note] IPv6 is available.
2018-02-03 20:34:34 9052 [Note]   - '::' resolves to '::';
2018-02-03 20:34:34 9052 [Note] Server socket created on IP: '::'.
2018-02-04 11:46:57 972 [Note] Plugin 'FEDERATED' is disabled.
2018-02-04 11:46:57 972 [Note] InnoDB: The InnoDB memory heap is disabled
2018-02-04 11:46:57 972 [Note] InnoDB: Mutexes and rw_locks use Windows interlocked functions
2018-02-04 11:46:57 972 [Note] InnoDB: Compressed tables use zlib 1.2.3
2018-02-04 11:46:57 972 [Note] InnoDB: Not using CPU crc32 instructions
2018-02-04 11:46:57 972 [Note] InnoDB: Initializing buffer pool, size = 128.0M
2018-02-04 11:46:57 972 [Note] InnoDB: Completed initialization of buffer pool
2018-02-04 11:46:57 972 [Note] InnoDB: Highest supported file format is Barracuda.
2018-02-04 11:46:57 972 [Note] InnoDB: The log sequence numbers 1626134 and 1626134 in ibdata files do not match the log sequence number 7043838 in the ib_logfiles!
2018-02-04 11:46:57 972 [Note] InnoDB: Database was not shutdown normally!
2018-02-04 11:46:57 972 [Note] InnoDB: Starting crash recovery.
2018-02-04 11:46:57 972 [Note] InnoDB: Reading tablespace information from the .ibd files...
2018-02-04 11:46:59 972 [Note] InnoDB: Restoring possible half-written data pages 
2018-02-04 11:46:59 972 [Note] InnoDB: from the doublewrite buffer...
2018-02-04 11:47:06 972 [Note] InnoDB: 128 rollback segment(s) are active.
2018-02-04 11:47:06 972 [Note] InnoDB: Waiting for purge to start
2018-02-04 11:47:07 972 [Note] InnoDB: 5.6.13 started; log sequence number 7043838
2018-02-04 11:47:07 972 [Note] Server hostname (bind-address): '*'; port: 3306
2018-02-04 11:47:07 972 [Note] IPv6 is available.
2018-02-04 11:47:07 972 [Note]   - '::' resolves to '::';
2018-02-04 11:47:07 972 [Note] Server socket created on IP: '::'.
